C:\USERS\евгений\DOCUMENTS\VISUAL STUDIO 2012\PROJECTS\Проект2\DEBUG\Проект2.ILK
C:\USERS\евгений\DOCUMENTS\VISUAL STUDIO 2012\PROJECTS\Проект2\DEBUG\Проект2.EXE
C:\USERS\ЕВГЕНИЙ\DOCUMENTS\VISUAL STUDIO 2012\PROJECTS\ПРОЕКТ2\DEBUG\ПРОЕКТ2.PDB
c:\Users\Евгений\documents\visual studio 2012\Projects\Проект2\Debug\Проект2.MyForm.resources
c:\Users\Евгений\documents\visual studio 2012\Projects\Проект2\Debug\Проект2.vcxproj.GenerateResource.Cache
c:\Users\Евгений\documents\visual studio 2012\Projects\Проект2\Debug\Проект2.vcxprojResolveAssemblyReference.cache
c:\Users\Евгений\documents\visual studio 2012\Projects\Проект2\Debug\MyForm.obj
c:\Users\Евгений\documents\visual studio 2012\Projects\Проект2\Debug\Проект2.ilk
c:\Users\Евгений\documents\visual studio 2012\Projects\Проект2\Debug\cl.command.1.tlog
c:\Users\Евгений\documents\visual studio 2012\Projects\Проект2\Debug\CL.read.1.tlog
c:\Users\Евгений\documents\visual studio 2012\Projects\Проект2\Debug\CL.write.1.tlog
c:\Users\Евгений\documents\visual studio 2012\Projects\Проект2\Debug\link.3528-cvtres.read.1.tlog
c:\Users\Евгений\documents\visual studio 2012\Projects\Проект2\Debug\link.3528-cvtres.write.1.tlog
c:\Users\Евгений\documents\visual studio 2012\Projects\Проект2\Debug\link.3528-rc.read.1.tlog
c:\Users\Евгений\documents\visual studio 2012\Projects\Проект2\Debug\link.3528-rc.write.1.tlog
c:\Users\Евгений\documents\visual studio 2012\Projects\Проект2\Debug\link.3528.read.1.tlog
c:\Users\Евгений\documents\visual studio 2012\Projects\Проект2\Debug\link.3528.write.1.tlog
c:\Users\Евгений\documents\visual studio 2012\Projects\Проект2\Debug\link.6964-cvtres.read.1.tlog
c:\Users\Евгений\documents\visual studio 2012\Projects\Проект2\Debug\link.6964-cvtres.write.1.tlog
c:\Users\Евгений\documents\visual studio 2012\Projects\Проект2\Debug\link.6964-rc.read.1.tlog
c:\Users\Евгений\documents\visual studio 2012\Projects\Проект2\Debug\link.6964-rc.write.1.tlog
c:\Users\Евгений\documents\visual studio 2012\Projects\Проект2\Debug\link.6964.read.1.tlog
c:\Users\Евгений\documents\visual studio 2012\Projects\Проект2\Debug\link.6964.write.1.tlog
c:\Users\Евгений\documents\visual studio 2012\Projects\Проект2\Debug\link.8648-cvtres.read.1.tlog
c:\Users\Евгений\documents\visual studio 2012\Projects\Проект2\Debug\link.8648-cvtres.write.1.tlog
c:\Users\Евгений\documents\visual studio 2012\Projects\Проект2\Debug\link.8648-rc.read.1.tlog
c:\Users\Евгений\documents\visual studio 2012\Projects\Проект2\Debug\link.8648-rc.write.1.tlog
c:\Users\Евгений\documents\visual studio 2012\Projects\Проект2\Debug\link.8648.read.1.tlog
c:\Users\Евгений\documents\visual studio 2012\Projects\Проект2\Debug\link.8648.write.1.tlog
c:\Users\Евгений\documents\visual studio 2012\Projects\Проект2\Debug\link.8712-cvtres.read.1.tlog
c:\Users\Евгений\documents\visual studio 2012\Projects\Проект2\Debug\link.8712-cvtres.write.1.tlog
c:\Users\Евгений\documents\visual studio 2012\Projects\Проект2\Debug\link.8712-rc.read.1.tlog
c:\Users\Евгений\documents\visual studio 2012\Projects\Проект2\Debug\link.8712-rc.write.1.tlog
c:\Users\Евгений\documents\visual studio 2012\Projects\Проект2\Debug\link.8712.read.1.tlog
c:\Users\Евгений\documents\visual studio 2012\Projects\Проект2\Debug\link.8712.write.1.tlog
c:\Users\Евгений\documents\visual studio 2012\Projects\Проект2\Debug\link.command.1.tlog
c:\Users\Евгений\documents\visual studio 2012\Projects\Проект2\Debug\link.read.1.tlog
c:\Users\Евгений\documents\visual studio 2012\Projects\Проект2\Debug\link.write.1.tlog
c:\Users\Евгений\documents\visual studio 2012\Projects\Проект2\Debug\Проект2.write.1.tlog
c:\Users\Евгений\documents\visual studio 2012\Projects\Проект2\Debug\vc110.pdb
c:\Users\Евгений\documents\visual studio 2012\Projects\Проект2\Debug\Проект2.pdb
c:\users\евгений\documents\visual studio 2012\Projects\Проект2\Debug\Проект2.pdb
c:\users\евгений\documents\visual studio 2012\Projects\Проект2\Debug\Проект2.exe
c:\users\евгений\documents\visual studio 2012\Projects\Проект2\Debug\Проект2.ilk
